 INFO 2022-01-16 16:33:27 Main:37 - Введенны данные: 1 
 INFO 2022-01-16 16:33:30 Main:47 - Введенны данные: 2 
 INFO 2022-01-16 16:33:34 Main:112 - Введенны данные: 4 
 INFO 2022-01-16 16:33:35 Main:117 - Введенны данные: 6 
 INFO 2022-01-16 16:33:37 Main:122 - Введенны данные: 8 
DEBUG 2022-01-16 16:33:37 Triangle:29 - Полупериметр треугольника:9.0 
 INFO 2022-01-16 16:33:37 Main:144 - Треугольник существует, его площадь равна= 11,62 
 INFO 2022-01-16 16:34:21 Main:37 - Введенны данные: 1 
 INFO 2022-01-16 16:34:23 Main:47 - Введенны данные: 2 
 INFO 2022-01-16 16:34:26 Main:112 - Введенны данные: 4 
 INFO 2022-01-16 16:34:29 Main:117 - Введенны данные: gfhf 
 WARN 2022-01-16 16:34:29 Main:135 - Некорректные данные, можно вводить только числа 
 INFO 2022-01-16 16:35:11 Main:37 - Введенны данные: 1 
 INFO 2022-01-16 16:35:26 Main:47 - Введенны данные: 1 
 INFO 2022-01-16 16:35:26 Main:79 - Введенны данные с файла: 5 
 INFO 2022-01-16 16:35:26 Main:83 - Введенны данные с файла: 6 
 INFO 2022-01-16 16:35:26 Main:87 - Введенны данные с файла: 8 
DEBUG 2022-01-16 16:35:26 Triangle:29 - Полупериметр треугольника:9.5 
 INFO 2022-01-16 16:35:26 Main:144 - Треугольник существует, его площадь равна= 14,98 
 INFO 2022-01-16 16:35:48 Main:37 - Введенны данные: 1 
 INFO 2022-01-16 16:35:50 Main:47 - Введенны данные: 1 
ERROR 2022-01-16 16:35:50 Main:104 - Файл не найден 
 INFO 2022-01-16 16:36:12 Main:37 - Введенны данные: 1 
 INFO 2022-01-16 16:36:14 Main:47 - Введенны данные: 2 
 INFO 2022-01-16 16:36:16 Main:112 - Введенны данные: 3 
 INFO 2022-01-16 16:36:17 Main:117 - Введенны данные: 4 
 INFO 2022-01-16 16:36:20 Main:122 - Введенны данные: 70 
 INFO 2022-01-16 16:36:20 Main:149 - Треугольник не существует 
 INFO 2022-01-16 16:36:46 Main:37 - Введенны данные: 2 
 INFO 2022-01-16 16:36:48 Main:47 - Введенны данные: 2 
 INFO 2022-01-16 16:36:51 Main:197 - Введенны данные: 2 
 INFO 2022-01-16 16:36:55 Main:202 - Введенны данные: 2000 
 INFO 2022-01-16 16:36:55 Main:223 - Номер который вы ввели это Февраль в нем 29 дней 
 INFO 2022-01-16 16:37:13 Main:37 - Введенны данные: 2 
 INFO 2022-01-16 16:37:15 Main:47 - Введенны данные: 2 
 INFO 2022-01-16 16:37:17 Main:197 - Введенны данные: 2 
 INFO 2022-01-16 16:37:20 Main:202 - Введенны данные: 2100 
 INFO 2022-01-16 16:37:20 Main:223 - Номер который вы ввели это Февраль в нем 28 дней 
 INFO 2022-01-16 16:37:41 Main:37 - Введенны данные: 2 
 INFO 2022-01-16 16:37:42 Main:47 - Введенны данные: 2 
 INFO 2022-01-16 16:37:47 Main:197 - Введенны данные: gd 
 WARN 2022-01-16 16:37:47 Main:215 - Некорректные данные, можно вводить только целые числа 
 INFO 2022-01-16 16:37:55 Main:197 - Введенны данные: 12 
 INFO 2022-01-16 16:37:59 Main:202 - Введенны данные: 2021 
 INFO 2022-01-16 16:37:59 Main:223 - Номер который вы ввели это Декабрь в нем 31 день 
 INFO 2022-01-16 16:38:32 Main:37 - Введенны данные: 3 
 INFO 2022-01-16 16:38:34 Main:47 - Введенны данные: 2 
 INFO 2022-01-16 16:38:37 Main:273 - Введенны данные: 1 
 INFO 2022-01-16 16:38:39 Main:278 - Введенны данные: 10 
 INFO 2022-01-16 16:38:42 Main:283 - Введенны данные: 3 
 INFO 2022-01-16 16:38:46 Sport:31 - Введенны данные: 2 
DEBUG 2022-01-16 16:38:46 Sport:42 - Выбран цикл for 
 INFO 2022-01-16 16:38:46 Main:310 - Спортсмен за все дни пробежал 3,31 километров 
 INFO 2022-01-16 16:39:22 Main:37 - Введенны данные: 4 
 INFO 2022-01-16 16:39:23 Main:47 - Введенны данные: 2 
 INFO 2022-01-16 16:39:27 Main:326 - Введенны данные: 0 
 INFO 2022-01-16 16:39:28 Main:383 - Введенны данные: 0 
 INFO 2022-01-16 16:39:31 Main:383 - Введенны данные: -6 
 INFO 2022-01-16 16:39:32 Main:383 - Введенны данные: 6 
 INFO 2022-01-16 16:39:36 Main:383 - Введенны данные: NO 
 INFO 2022-01-16 16:39:36 Main:420 - Первым в последовательности встречается отрицательное число 
